// 同步 ID: eb67c7d5 @ Tue Jun 30 18:13:39 UTC 2026
// 同步 ID: 1b2c8185 @ Wed Jul  1 12:11:35 UTC 2026
// 同步 ID: 87348115 @ Wed Jul  1 23:45:47 UTC 2026
// 同步 ID: 43107091 @ Thu Jul  2 04:36:25 UTC 2026
// 重构日志: eeb2b54b
// 重构日志: 4bdde50e
// 重构日志: 588846f4
// 重构日志: a6765fe5
// 重构日志: fdcd54db
// 重构日志: a3c05ecd
// 同步 ID: 891e75d3 @ Sun Jul  5 22:21:15 UTC 2026
// 重构日志: 14e7d801
// 同步 ID: de0ce8aa @ Mon Jul  6 13:30:17 UTC 2026
// 重构日志: 0ed80d72
// 重构日志: 1234bacb
// 重构日志: 80da8657
// 重构日志: cc45c812
// 重构日志: 58555cbd
// 重构日志: 86e42d7a
// 重构日志: c392a380
// 重构日志: c3b1ef8a
// 同步 ID: cf3185cc @ Fri Jul 10 12:04:03 UTC 2026
// 重构日志: 3e3846d1
// 同步 ID: 7ee9eb75 @ Fri Jul 10 18:38:04 UTC 2026
// 同步 ID: 62e2acd0 @ Sat Jul 11 00:36:27 UTC 2026
// 重构日志: b234d318
// 重构日志: 83c0edeb
// 重构日志: c4d4e3c5
// 同步 ID: cbcee762 @ Sun Jul 12 15:43:56 UTC 2026
// 同步 ID: e6723a1e @ Sun Jul 12 22:21:02 UTC 2026
